Le rapport de batch par saad :
Nombre d'Elements Lus par Job : 
 Nombre d'Elements rejetés : 
Nombre d'Elements Sauvegardés dans DB : 
Le rapport de batch par saad :
Nombre d'Elements Lus par Job : 
 Nombre d'Elements rejetés : 
Nombre d'Elements Sauvegardés dans DB : 
Le rapport de batch par saad :
Nombre d'Elements Lus par Job : 
 Nombre d'Elements rejetés : 
Nombre d'Elements Sauvegardés dans DB : 
Le rapport de batch par saad :
Nombre d'Elements Lus par Job : 
 Nombre d'Elements rejetés : 
Nombre d'Elements Sauvegardés dans DB : 
Le rapport de batch par saad :
Nombre d'Elements Lus par Job : 8
 Nombre d'Elements rejetés : 0
Nombre d'Elements Sauvegardés dans DB : 6
Le rapport de batch par saad :
Nombre d'Elements Lus par Job : 6
 Nombre d'Elements rejetés : 0
Nombre d'Elements Sauvegardés dans DB : 6
Le rapport de batch par saad :
Nombre d'Elements Lus par Job : 1
 Nombre d'Elements rejetés : 0
Nombre d'Elements Sauvegardés dans DB : 0
Le rapport de batch par saad :
Nombre d'Elements Lus par Job : 6
 Nombre d'Elements rejetés : 0
Nombre d'Elements Sauvegardés dans DB : 6
Le rapport de batch par saad :
Nombre d'Elements Lus par Job : 6
 Nombre d'Elements rejetés : 0
Nombre d'Elements Sauvegardés dans DB : 6
Le rapport de batch par saad :
Nombre d'Elements Lus par Job : 6
 Nombre d'Elements rejetés : 0
Nombre d'Elements Sauvegardés dans DB : 6
Le rapport de batch par saad :
Nombre d'Elements Lus par Job : 6
 Nombre d'Elements rejetés : 0
Nombre d'Elements Sauvegardés dans DB : 6
Le rapport de batch par saad :
Nombre d'Elements Lus par Job : 6
 Nombre d'Elements rejetés : 0
Nombre d'Elements Sauvegardés dans DB : 6
